2014-12-10 14:46:31.711 Hello World[20502:6718802] DiskCookieStorage changing policy from 2 to 0, cookie file: file:///Users/chrismills/Library/Developer/CoreSimulator/Devices/55E94981-D105-4CDE-883F-D6EE17E41985/data/Containers/Data/Application/74F57BA8-639C-4267-9315-5F23E246BA15/Library/Cookies/Cookies.binarycookies
2014-12-10 14:46:31.924 Hello World[20502:6718802] Apache Cordova native platform version 3.7.0 is starting.
2014-12-10 14:46:31.924 Hello World[20502:6718802] Multi-tasking -> Device: YES, App: YES
2014-12-10 14:46:31.938 Hello World[20502:6718802] Unlimited access to network resources
2014-12-10 14:46:31.947 Hello World[20502:6718802] 

Started backup to iCloud! Please be careful.
Your application might be rejected by Apple if you store too much data.
For more information please read "iOS Data Storage Guidelines" at:
https://developer.apple.com/icloud/documentation/data-storage/
To disable web storage backup to iCloud, set the BackupWebStorage preference to "local" in the Cordova config.xml file

2014-12-10 14:46:32.875 Hello World[20502:6718802] Resetting plugins due to page load.
2014-12-10 14:46:32.979 Hello World[20502:6718802] Finished load of: file:///Users/chrismills/Library/Developer/CoreSimulator/Devices/55E94981-D105-4CDE-883F-D6EE17E41985/data/Containers/Bundle/Application/4020892C-2CFE-4BFC-A865-5A851AA4DFF3/Hello%20World.app/www/index.html
2014-12-10 15:00:14.005 Hello World[21089:6748045] DiskCookieStorage changing policy from 2 to 0, cookie file: file:///Users/chrismills/Library/Developer/CoreSimulator/Devices/55E94981-D105-4CDE-883F-D6EE17E41985/data/Containers/Data/Application/A5DC95F6-60AE-456D-A226-F5E5770FE253/Library/Cookies/Cookies.binarycookies
2014-12-10 15:00:14.070 Hello World[21089:6748045] Apache Cordova native platform version 3.7.0 is starting.
2014-12-10 15:00:14.070 Hello World[21089:6748045] Multi-tasking -> Device: YES, App: YES
2014-12-10 15:00:14.071 Hello World[21089:6748045] Unlimited access to network resources
2014-12-10 15:00:14.074 Hello World[21089:6748045] 

Started backup to iCloud! Please be careful.
Your application might be rejected by Apple if you store too much data.
For more information please read "iOS Data Storage Guidelines" at:
https://developer.apple.com/icloud/documentation/data-storage/
To disable web storage backup to iCloud, set the BackupWebStorage preference to "local" in the Cordova config.xml file

2014-12-10 15:00:14.269 Hello World[21089:6748045] Resetting plugins due to page load.
2014-12-10 15:00:14.509 Hello World[21089:6748045] Finished load of: file:///Users/chrismills/Library/Developer/CoreSimulator/Devices/55E94981-D105-4CDE-883F-D6EE17E41985/data/Containers/Bundle/Application/8398E051-4E57-4EDD-A289-10259BE1E4A0/Hello%20World.app/www/index.html#/login
2014-12-10 15:02:08.731 Hello World[21618:6755049] DiskCookieStorage changing policy from 2 to 0, cookie file: file:///Users/chrismills/Library/Developer/CoreSimulator/Devices/55E94981-D105-4CDE-883F-D6EE17E41985/data/Containers/Data/Application/398DDCE8-699C-4573-8C0A-C40DA5A1058C/Library/Cookies/Cookies.binarycookies
2014-12-10 15:02:08.797 Hello World[21618:6755049] Apache Cordova native platform version 3.7.0 is starting.
2014-12-10 15:02:08.798 Hello World[21618:6755049] Multi-tasking -> Device: YES, App: YES
2014-12-10 15:02:08.799 Hello World[21618:6755049] Unlimited access to network resources
2014-12-10 15:02:08.801 Hello World[21618:6755049] 

Started backup to iCloud! Please be careful.
Your application might be rejected by Apple if you store too much data.
For more information please read "iOS Data Storage Guidelines" at:
https://developer.apple.com/icloud/documentation/data-storage/
To disable web storage backup to iCloud, set the BackupWebStorage preference to "local" in the Cordova config.xml file

2014-12-10 15:02:08.997 Hello World[21618:6755049] Resetting plugins due to page load.
2014-12-10 15:02:09.155 Hello World[21618:6755049] Finished load of: file:///Users/chrismills/Library/Developer/CoreSimulator/Devices/55E94981-D105-4CDE-883F-D6EE17E41985/data/Containers/Bundle/Application/16C86F36-A6AB-4581-B9D7-91E2A6CD2C88/Hello%20World.app/www/index.html#/login
2014-12-10 15:02:38.960 Hello World[22126:6757952] DiskCookieStorage changing policy from 2 to 0, cookie file: file:///Users/chrismills/Library/Developer/CoreSimulator/Devices/55E94981-D105-4CDE-883F-D6EE17E41985/data/Containers/Data/Application/718EFE89-4C44-471F-82BC-A3C1879F2A7D/Library/Cookies/Cookies.binarycookies
2014-12-10 15:02:39.029 Hello World[22126:6757952] Apache Cordova native platform version 3.7.0 is starting.
2014-12-10 15:02:39.029 Hello World[22126:6757952] Multi-tasking -> Device: YES, App: YES
2014-12-10 15:02:39.031 Hello World[22126:6757952] Unlimited access to network resources
2014-12-10 15:02:39.033 Hello World[22126:6757952] 

Started backup to iCloud! Please be careful.
Your application might be rejected by Apple if you store too much data.
For more information please read "iOS Data Storage Guidelines" at:
https://developer.apple.com/icloud/documentation/data-storage/
To disable web storage backup to iCloud, set the BackupWebStorage preference to "local" in the Cordova config.xml file

2014-12-10 15:02:39.239 Hello World[22126:6757952] Resetting plugins due to page load.
2014-12-10 15:02:39.385 Hello World[22126:6757952] Finished load of: file:///Users/chrismills/Library/Developer/CoreSimulator/Devices/55E94981-D105-4CDE-883F-D6EE17E41985/data/Containers/Bundle/Application/9D806771-D981-4FEB-92DB-1F5D9A11BD38/Hello%20World.app/www/index.html#/login
2014-12-10 15:04:24.888 Hello World[22639:6765578] DiskCookieStorage changing policy from 2 to 0, cookie file: file:///Users/chrismills/Library/Developer/CoreSimulator/Devices/55E94981-D105-4CDE-883F-D6EE17E41985/data/Containers/Data/Application/B611AF92-DCB3-46FF-ACF4-3A78468E449E/Library/Cookies/Cookies.binarycookies
2014-12-10 15:04:24.959 Hello World[22639:6765578] Apache Cordova native platform version 3.7.0 is starting.
2014-12-10 15:04:24.960 Hello World[22639:6765578] Multi-tasking -> Device: YES, App: YES
2014-12-10 15:04:24.961 Hello World[22639:6765578] Unlimited access to network resources
2014-12-10 15:04:24.963 Hello World[22639:6765578] 

Started backup to iCloud! Please be careful.
Your application might be rejected by Apple if you store too much data.
For more information please read "iOS Data Storage Guidelines" at:
https://developer.apple.com/icloud/documentation/data-storage/
To disable web storage backup to iCloud, set the BackupWebStorage preference to "local" in the Cordova config.xml file

2014-12-10 15:04:25.164 Hello World[22639:6765578] Resetting plugins due to page load.
2014-12-10 15:04:25.331 Hello World[22639:6765578] Finished load of: file:///Users/chrismills/Library/Developer/CoreSimulator/Devices/55E94981-D105-4CDE-883F-D6EE17E41985/data/Containers/Bundle/Application/A26E4420-3F58-4F75-B7E3-764B66283AA2/Hello%20World.app/www/index.html#/login
2014-12-10 15:12:42.065 Hello World[23098:6789468] DiskCookieStorage changing policy from 2 to 0, cookie file: file:///Users/chrismills/Library/Developer/CoreSimulator/Devices/55E94981-D105-4CDE-883F-D6EE17E41985/data/Containers/Data/Application/5084BEBC-D55D-42CC-A575-BD940659D64C/Library/Cookies/Cookies.binarycookies
2014-12-10 15:12:42.135 Hello World[23098:6789468] Apache Cordova native platform version 3.7.0 is starting.
2014-12-10 15:12:42.135 Hello World[23098:6789468] Multi-tasking -> Device: YES, App: YES
2014-12-10 15:12:42.136 Hello World[23098:6789468] Unlimited access to network resources
2014-12-10 15:12:42.138 Hello World[23098:6789468] 

Started backup to iCloud! Please be careful.
Your application might be rejected by Apple if you store too much data.
For more information please read "iOS Data Storage Guidelines" at:
https://developer.apple.com/icloud/documentation/data-storage/
To disable web storage backup to iCloud, set the BackupWebStorage preference to "local" in the Cordova config.xml file

2014-12-10 15:12:42.327 Hello World[23098:6789468] Resetting plugins due to page load.
2014-12-10 15:12:42.464 Hello World[23098:6789468] Finished load of: file:///Users/chrismills/Library/Developer/CoreSimulator/Devices/55E94981-D105-4CDE-883F-D6EE17E41985/data/Containers/Bundle/Application/71B1992F-F94B-40E8-978A-8C2C58102E94/Hello%20World.app/www/index.html#/login
2014-12-10 15:15:51.626 Hello World[23545:6799170] DiskCookieStorage changing policy from 2 to 0, cookie file: file:///Users/chrismills/Library/Developer/CoreSimulator/Devices/55E94981-D105-4CDE-883F-D6EE17E41985/data/Containers/Data/Application/86921CB6-A8C2-4D15-9F51-DB7D3008B3A1/Library/Cookies/Cookies.binarycookies
2014-12-10 15:15:51.693 Hello World[23545:6799170] Apache Cordova native platform version 3.7.0 is starting.
2014-12-10 15:15:51.693 Hello World[23545:6799170] Multi-tasking -> Device: YES, App: YES
2014-12-10 15:15:51.694 Hello World[23545:6799170] Unlimited access to network resources
2014-12-10 15:15:51.696 Hello World[23545:6799170] 

Started backup to iCloud! Please be careful.
Your application might be rejected by Apple if you store too much data.
For more information please read "iOS Data Storage Guidelines" at:
https://developer.apple.com/icloud/documentation/data-storage/
To disable web storage backup to iCloud, set the BackupWebStorage preference to "local" in the Cordova config.xml file

2014-12-10 15:15:51.883 Hello World[23545:6799170] Resetting plugins due to page load.
2014-12-10 15:15:51.980 Hello World[23545:6799170] Finished load of: file:///Users/chrismills/Library/Developer/CoreSimulator/Devices/55E94981-D105-4CDE-883F-D6EE17E41985/data/Containers/Bundle/Application/8F5BB927-7BE4-4313-8CE4-F34ED91D2A68/Hello%20World.app/www/index.html
2014-12-10 15:17:01.305 Hello World[23992:6803120] DiskCookieStorage changing policy from 2 to 0, cookie file: file:///Users/chrismills/Library/Developer/CoreSimulator/Devices/55E94981-D105-4CDE-883F-D6EE17E41985/data/Containers/Data/Application/1EFCB946-770D-49D5-88AD-3971AF8CEE02/Library/Cookies/Cookies.binarycookies
2014-12-10 15:17:01.373 Hello World[23992:6803120] Apache Cordova native platform version 3.7.0 is starting.
2014-12-10 15:17:01.373 Hello World[23992:6803120] Multi-tasking -> Device: YES, App: YES
2014-12-10 15:17:01.374 Hello World[23992:6803120] Unlimited access to network resources
2014-12-10 15:17:01.376 Hello World[23992:6803120] 

Started backup to iCloud! Please be careful.
Your application might be rejected by Apple if you store too much data.
For more information please read "iOS Data Storage Guidelines" at:
https://developer.apple.com/icloud/documentation/data-storage/
To disable web storage backup to iCloud, set the BackupWebStorage preference to "local" in the Cordova config.xml file

2014-12-10 15:17:01.563 Hello World[23992:6803120] Resetting plugins due to page load.
2014-12-10 15:17:01.659 Hello World[23992:6803120] Finished load of: file:///Users/chrismills/Library/Developer/CoreSimulator/Devices/55E94981-D105-4CDE-883F-D6EE17E41985/data/Containers/Bundle/Application/4B47AF1F-EF25-4020-BD12-A973F7D290BE/Hello%20World.app/www/index.html
2014-12-10 15:18:26.374 Hello World[24447:6809491] DiskCookieStorage changing policy from 2 to 0, cookie file: file:///Users/chrismills/Library/Developer/CoreSimulator/Devices/55E94981-D105-4CDE-883F-D6EE17E41985/data/Containers/Data/Application/604787AA-A3D8-4EBE-836E-4080EBCB6CA6/Library/Cookies/Cookies.binarycookies
2014-12-10 15:18:26.444 Hello World[24447:6809491] Apache Cordova native platform version 3.7.0 is starting.
2014-12-10 15:18:26.444 Hello World[24447:6809491] Multi-tasking -> Device: YES, App: YES
2014-12-10 15:18:26.445 Hello World[24447:6809491] Unlimited access to network resources
2014-12-10 15:18:26.447 Hello World[24447:6809491] 

Started backup to iCloud! Please be careful.
Your application might be rejected by Apple if you store too much data.
For more information please read "iOS Data Storage Guidelines" at:
https://developer.apple.com/icloud/documentation/data-storage/
To disable web storage backup to iCloud, set the BackupWebStorage preference to "local" in the Cordova config.xml file

2014-12-10 15:18:26.636 Hello World[24447:6809491] Resetting plugins due to page load.
2014-12-10 15:18:26.732 Hello World[24447:6809491] Finished load of: file:///Users/chrismills/Library/Developer/CoreSimulator/Devices/55E94981-D105-4CDE-883F-D6EE17E41985/data/Containers/Bundle/Application/82A3526D-7EA4-499F-BDC7-560D96BEEC0F/Hello%20World.app/www/index.html
2014-12-10 15:19:33.408 Hello World[24890:6813574] DiskCookieStorage changing policy from 2 to 0, cookie file: file:///Users/chrismills/Library/Developer/CoreSimulator/Devices/55E94981-D105-4CDE-883F-D6EE17E41985/data/Containers/Data/Application/C6E97382-8936-4960-8F96-7EB4331FC0F0/Library/Cookies/Cookies.binarycookies
2014-12-10 15:19:33.475 Hello World[24890:6813574] Apache Cordova native platform version 3.7.0 is starting.
2014-12-10 15:19:33.475 Hello World[24890:6813574] Multi-tasking -> Device: YES, App: YES
2014-12-10 15:19:33.476 Hello World[24890:6813574] Unlimited access to network resources
2014-12-10 15:19:33.477 Hello World[24890:6813574] 

Started backup to iCloud! Please be careful.
Your application might be rejected by Apple if you store too much data.
For more information please read "iOS Data Storage Guidelines" at:
https://developer.apple.com/icloud/documentation/data-storage/
To disable web storage backup to iCloud, set the BackupWebStorage preference to "local" in the Cordova config.xml file

2014-12-10 15:19:33.667 Hello World[24890:6813574] Resetting plugins due to page load.
2014-12-10 15:19:33.760 Hello World[24890:6813574] Finished load of: file:///Users/chrismills/Library/Developer/CoreSimulator/Devices/55E94981-D105-4CDE-883F-D6EE17E41985/data/Containers/Bundle/Application/41B243DF-6769-466B-9572-22BACEBA7B59/Hello%20World.app/www/index.html
2014-12-10 15:20:17.338 Hello World[25328:6817364] DiskCookieStorage changing policy from 2 to 0, cookie file: file:///Users/chrismills/Library/Developer/CoreSimulator/Devices/55E94981-D105-4CDE-883F-D6EE17E41985/data/Containers/Data/Application/B4448894-E75F-4573-8F42-82F64670845C/Library/Cookies/Cookies.binarycookies
2014-12-10 15:20:17.405 Hello World[25328:6817364] Apache Cordova native platform version 3.7.0 is starting.
2014-12-10 15:20:17.405 Hello World[25328:6817364] Multi-tasking -> Device: YES, App: YES
2014-12-10 15:20:17.406 Hello World[25328:6817364] Unlimited access to network resources
2014-12-10 15:20:17.408 Hello World[25328:6817364] 

Started backup to iCloud! Please be careful.
Your application might be rejected by Apple if you store too much data.
For more information please read "iOS Data Storage Guidelines" at:
https://developer.apple.com/icloud/documentation/data-storage/
To disable web storage backup to iCloud, set the BackupWebStorage preference to "local" in the Cordova config.xml file

2014-12-10 15:20:17.607 Hello World[25328:6817364] Resetting plugins due to page load.
2014-12-10 15:20:17.703 Hello World[25328:6817364] Finished load of: file:///Users/chrismills/Library/Developer/CoreSimulator/Devices/55E94981-D105-4CDE-883F-D6EE17E41985/data/Containers/Bundle/Application/A47105E1-A077-4ABE-A19F-8A6ABD801D8F/Hello%20World.app/www/index.html
2014-12-10 15:22:26.413 Hello World[25770:6823655] DiskCookieStorage changing policy from 2 to 0, cookie file: file:///Users/chrismills/Library/Developer/CoreSimulator/Devices/55E94981-D105-4CDE-883F-D6EE17E41985/data/Containers/Data/Application/4FF5787D-F1FE-4224-888C-0B8800809314/Library/Cookies/Cookies.binarycookies
2014-12-10 15:22:26.485 Hello World[25770:6823655] Apache Cordova native platform version 3.7.0 is starting.
2014-12-10 15:22:26.486 Hello World[25770:6823655] Multi-tasking -> Device: YES, App: YES
2014-12-10 15:22:26.487 Hello World[25770:6823655] Unlimited access to network resources
2014-12-10 15:22:26.488 Hello World[25770:6823655] 

Started backup to iCloud! Please be careful.
Your application might be rejected by Apple if you store too much data.
For more information please read "iOS Data Storage Guidelines" at:
https://developer.apple.com/icloud/documentation/data-storage/
To disable web storage backup to iCloud, set the BackupWebStorage preference to "local" in the Cordova config.xml file

2014-12-10 15:22:26.675 Hello World[25770:6823655] Resetting plugins due to page load.
2014-12-10 15:22:26.772 Hello World[25770:6823655] Finished load of: file:///Users/chrismills/Library/Developer/CoreSimulator/Devices/55E94981-D105-4CDE-883F-D6EE17E41985/data/Containers/Bundle/Application/269A158A-4150-4AF0-9E6C-A63AF29B4A56/Hello%20World.app/www/index.html
2014-12-10 15:23:08.120 Hello World[26209:6826759] DiskCookieStorage changing policy from 2 to 0, cookie file: file:///Users/chrismills/Library/Developer/CoreSimulator/Devices/55E94981-D105-4CDE-883F-D6EE17E41985/data/Containers/Data/Application/5DCCE867-DAFB-405A-938D-80A8CF54666D/Library/Cookies/Cookies.binarycookies
2014-12-10 15:23:08.189 Hello World[26209:6826759] Apache Cordova native platform version 3.7.0 is starting.
2014-12-10 15:23:08.189 Hello World[26209:6826759] Multi-tasking -> Device: YES, App: YES
2014-12-10 15:23:08.190 Hello World[26209:6826759] Unlimited access to network resources
2014-12-10 15:23:08.192 Hello World[26209:6826759] 

Started backup to iCloud! Please be careful.
Your application might be rejected by Apple if you store too much data.
For more information please read "iOS Data Storage Guidelines" at:
https://developer.apple.com/icloud/documentation/data-storage/
To disable web storage backup to iCloud, set the BackupWebStorage preference to "local" in the Cordova config.xml file

2014-12-10 15:23:08.381 Hello World[26209:6826759] Resetting plugins due to page load.
2014-12-10 15:23:08.473 Hello World[26209:6826759] Finished load of: file:///Users/chrismills/Library/Developer/CoreSimulator/Devices/55E94981-D105-4CDE-883F-D6EE17E41985/data/Containers/Bundle/Application/1AD2DBB5-D867-4A60-9271-98A1816AB0FA/Hello%20World.app/www/index.html
2014-12-10 15:23:57.478 Hello World[26643:6830268] DiskCookieStorage changing policy from 2 to 0, cookie file: file:///Users/chrismills/Library/Developer/CoreSimulator/Devices/55E94981-D105-4CDE-883F-D6EE17E41985/data/Containers/Data/Application/53D1A416-9CB1-416B-A5EA-3C2D767C74C7/Library/Cookies/Cookies.binarycookies
2014-12-10 15:23:57.546 Hello World[26643:6830268] Apache Cordova native platform version 3.7.0 is starting.
2014-12-10 15:23:57.546 Hello World[26643:6830268] Multi-tasking -> Device: YES, App: YES
2014-12-10 15:23:57.547 Hello World[26643:6830268] Unlimited access to network resources
2014-12-10 15:23:57.549 Hello World[26643:6830268] 

Started backup to iCloud! Please be careful.
Your application might be rejected by Apple if you store too much data.
For more information please read "iOS Data Storage Guidelines" at:
https://developer.apple.com/icloud/documentation/data-storage/
To disable web storage backup to iCloud, set the BackupWebStorage preference to "local" in the Cordova config.xml file

2014-12-10 15:23:57.737 Hello World[26643:6830268] Resetting plugins due to page load.
2014-12-10 15:23:57.833 Hello World[26643:6830268] Finished load of: file:///Users/chrismills/Library/Developer/CoreSimulator/Devices/55E94981-D105-4CDE-883F-D6EE17E41985/data/Containers/Bundle/Application/AB96AE9A-2808-437E-A62A-4D46DBAFFC0F/Hello%20World.app/www/index.html
2014-12-10 15:25:55.227 Hello World[27086:6838606] DiskCookieStorage changing policy from 2 to 0, cookie file: file:///Users/chrismills/Library/Developer/CoreSimulator/Devices/55E94981-D105-4CDE-883F-D6EE17E41985/data/Containers/Data/Application/41167A49-A67D-4CF3-B3D4-10834C0EC090/Library/Cookies/Cookies.binarycookies
2014-12-10 15:25:55.293 Hello World[27086:6838606] Apache Cordova native platform version 3.7.0 is starting.
2014-12-10 15:25:55.293 Hello World[27086:6838606] Multi-tasking -> Device: YES, App: YES
2014-12-10 15:25:55.294 Hello World[27086:6838606] Unlimited access to network resources
2014-12-10 15:25:55.296 Hello World[27086:6838606] 

Started backup to iCloud! Please be careful.
Your application might be rejected by Apple if you store too much data.
For more information please read "iOS Data Storage Guidelines" at:
https://developer.apple.com/icloud/documentation/data-storage/
To disable web storage backup to iCloud, set the BackupWebStorage preference to "local" in the Cordova config.xml file

2014-12-10 15:25:55.489 Hello World[27086:6838606] Resetting plugins due to page load.
2014-12-10 15:25:55.590 Hello World[27086:6838606] Finished load of: file:///Users/chrismills/Library/Developer/CoreSimulator/Devices/55E94981-D105-4CDE-883F-D6EE17E41985/data/Containers/Bundle/Application/02DDE7F8-EC0E-47F7-827C-115080447A3E/Hello%20World.app/www/index.html
2014-12-10 15:26:35.968 Hello World[27521:6842012] DiskCookieStorage changing policy from 2 to 0, cookie file: file:///Users/chrismills/Library/Developer/CoreSimulator/Devices/55E94981-D105-4CDE-883F-D6EE17E41985/data/Containers/Data/Application/AEBB5B89-C93C-4B34-82A7-6F030D435315/Library/Cookies/Cookies.binarycookies
2014-12-10 15:26:36.032 Hello World[27521:6842012] Apache Cordova native platform version 3.7.0 is starting.
2014-12-10 15:26:36.032 Hello World[27521:6842012] Multi-tasking -> Device: YES, App: YES
2014-12-10 15:26:36.033 Hello World[27521:6842012] Unlimited access to network resources
2014-12-10 15:26:36.035 Hello World[27521:6842012] 

Started backup to iCloud! Please be careful.
Your application might be rejected by Apple if you store too much data.
For more information please read "iOS Data Storage Guidelines" at:
https://developer.apple.com/icloud/documentation/data-storage/
To disable web storage backup to iCloud, set the BackupWebStorage preference to "local" in the Cordova config.xml file

2014-12-10 15:26:36.224 Hello World[27521:6842012] Resetting plugins due to page load.
2014-12-10 15:26:36.318 Hello World[27521:6842012] Finished load of: file:///Users/chrismills/Library/Developer/CoreSimulator/Devices/55E94981-D105-4CDE-883F-D6EE17E41985/data/Containers/Bundle/Application/FB07F5F5-9F96-4391-A5FF-161CA13E3191/Hello%20World.app/www/index.html
